Построение начато 24-Jan-17 12:14:39 AM.
     1>Проект "C:\Users\Aleksei Goliguzov\Documents\GitHub\ElectronsOnSphere\ElectronsOnSphere.vcxproj" в узле 2 (целевые объекты Build).
     1>ClCompile:
         C:\Program Files (x86)\Microsoft Visual Studio 11.0\VC\bin\CL.exe /c /ZI /nologo /W3 /WX- /Od /Oy- /D _MBCS /Gm /EHsc /RTC1 /MDd /GS /fp:precise /Zc:wchar_t /Zc:forScope /Fo"Debug\\" /Fd"Debug\vc110.pdb" /Gd /TP /analyze- /errorReport:prompt Graphics.cpp Window.cpp
         Window.cpp
     1>c:\users\aleksei goliguzov\documents\github\electronsonsphere\window.cpp(5): warning C4100: lParam: неиспользованный формальный параметр
         Graphics.cpp
     1>c:\users\aleksei goliguzov\documents\github\electronsonsphere\graphics.cpp(44): warning C4305: +=: усечение из "double" к "GLfloat"
     1>c:\users\aleksei goliguzov\documents\github\electronsonsphere\graphics.cpp(45): warning C4305: -=: усечение из "double" к "GLfloat"
     1>c:\users\aleksei goliguzov\documents\github\electronsonsphere\graphics.cpp(46): warning C4305: -=: усечение из "double" к "GLfloat"
     1>c:\users\aleksei goliguzov\documents\github\electronsonsphere\graphics.cpp(47): warning C4305: +=: усечение из "double" к "GLfloat"
     1>c:\users\aleksei goliguzov\documents\github\electronsonsphere\graphics.cpp(48): warning C4305: +=: усечение из "double" к "GLfloat"
     1>c:\users\aleksei goliguzov\documents\github\electronsonsphere\graphics.cpp(49): warning C4305: -=: усечение из "double" к "GLfloat"
         Создание кода...
       Link:
         C:\Program Files (x86)\Microsoft Visual Studio 11.0\VC\bin\link.exe /ERRORREPORT:PROMPT /OUT:"C:\Users\Aleksei Goliguzov\Documents\GitHub\ElectronsOnSphere\Debug\ElectronsOnSphere.exe" /INCREMENTAL /NOLOGO kernel32.lib user32.lib gdi32.lib winspool.lib comdlg32.lib advapi32.lib shell32.lib ole32.lib oleaut32.lib uuid.lib odbc32.lib odbccp32.lib /MANIFEST /MANIFESTUAC:"level='asInvoker' uiAccess='false'" /manifest:embed /DEBUG /PDB:"C:\Users\Aleksei Goliguzov\Documents\GitHub\ElectronsOnSphere\Debug\ElectronsOnSphere.pdb" /TLBID:1 /DYNAMICBASE /NXCOMPAT /IMPLIB:"C:\Users\Aleksei Goliguzov\Documents\GitHub\ElectronsOnSphere\Debug\ElectronsOnSphere.lib" /MACHINE:X86 Debug\Resource.res
         Debug\Graphics.obj
         Debug\Includes.obj
         Debug\main.obj
         Debug\Window.obj
         ElectronsOnSphere.vcxproj -> C:\Users\Aleksei Goliguzov\Documents\GitHub\ElectronsOnSphere\Debug\ElectronsOnSphere.exe
     1>Построение проекта "C:\Users\Aleksei Goliguzov\Documents\GitHub\ElectronsOnSphere\ElectronsOnSphere.vcxproj" завершено (целевые объекты Build).

Построение успешно завершено.

Затраченное время: 00:00:18.62
