Build started 11.04.2017 09:39:12.
     1>Project "C:\Users\User\Documents\GitHub\ElectronsOnSphere\VS12\ElectronsOnSphere.vcxproj" on node 2 (Build target(s)).
     1>InitializeBuildStatus:
         Creating "Debug\ElectronsOnSphere.unsuccessfulbuild" because "AlwaysCreate" was specified.
       ClCompile:
         C:\Program Files (x86)\Microsoft Visual Studio 11.0\VC\bin\CL.exe /c /ZI /nologo /W4 /WX- /sdl /Od /Oy- /D _MBCS /Gm /EHsc /RTC1 /MDd /GS /fp:precise /Zc:wchar_t /Zc:forScope /Fo"Debug\\" /Fd"Debug\vc110.pdb" /Gd /TP /analyze- /errorReport:prompt ..\src\App.cpp ..\src\Graphics\Dialogs.cpp ..\src\Graphics\Graphics.cpp ..\src\main.cpp
         App.cpp
     1>c:\users\user\documents\github\electronsonsphere\src\control.hpp(52): warning C4351: new behavior: elements of array 'Control::buttons_' will be default initialized
     1>c:\users\user\documents\github\electronsonsphere\src\app.cpp(31): warning C4189: 'hTrack' : local variable is initialized but not referenced
         Generating Code...
         Skipping... (no relevant changes detected)
         main.cpp
         Graphics.cpp
         Dialogs.cpp
       ResourceCompile:
         All outputs are up-to-date.
       Link:
         C:\Program Files (x86)\Microsoft Visual Studio 11.0\VC\bin\link.exe /ERRORREPORT:PROMPT /OUT:"C:\Users\User\Documents\GitHub\ElectronsOnSphere\VS12\Debug\ElectronsOnSphere.exe" /INCREMENTAL /NOLOGO kernel32.lib user32.lib gdi32.lib winspool.lib comdlg32.lib advapi32.lib shell32.lib ole32.lib oleaut32.lib uuid.lib odbc32.lib odbccp32.lib /MANIFEST /MANIFESTUAC:"level='asInvoker' uiAccess='false'" /manifest:embed /DEBUG /PDB:"C:\Users\User\Documents\GitHub\ElectronsOnSphere\VS12\Debug\ElectronsOnSphere.pdb" /TLBID:1 /DYNAMICBASE /NXCOMPAT /IMPLIB:"C:\Users\User\Documents\GitHub\ElectronsOnSphere\VS12\Debug\ElectronsOnSphere.lib" /MACHINE:X86 Debug\ElectronsOnSphere.res
         Debug\App.obj
         Debug\Config.obj
         Debug\Color.obj
         Debug\Dialogs.obj
         Debug\Graphics.obj
         Debug\Includes.obj
         Debug\main.obj
         Debug\NVector.obj
         Debug\Physics.obj
         Debug\PhysicsDynamic.obj
         Debug\PhysicsStatic.obj
         ElectronsOnSphere.vcxproj -> C:\Users\User\Documents\GitHub\ElectronsOnSphere\VS12\Debug\ElectronsOnSphere.exe
       FinalizeBuildStatus:
         Deleting file "Debug\ElectronsOnSphere.unsuccessfulbuild".
         Touching "Debug\ElectronsOnSphere.lastbuildstate".
     1>Done Building Project "C:\Users\User\Documents\GitHub\ElectronsOnSphere\VS12\ElectronsOnSphere.vcxproj" (Build target(s)).

Build succeeded.

Time Elapsed 00:00:01.51
