C:\USERS\ALEKSEI GOLIGUZOV\DOCUMENTS\GITHUB\ELECTRONSONSPHERE\VS12\DEBUG\APP.OBJ
C:\USERS\ALEKSEI GOLIGUZOV\DOCUMENTS\GITHUB\ELECTRONSONSPHERE\VS12\DEBUG\CONFIG.OBJ
C:\USERS\ALEKSEI GOLIGUZOV\DOCUMENTS\GITHUB\ELECTRONSONSPHERE\VS12\DEBUG\COLOR.OBJ
C:\USERS\ALEKSEI GOLIGUZOV\DOCUMENTS\GITHUB\ELECTRONSONSPHERE\VS12\DEBUG\GRAPHICS.OBJ
C:\USERS\ALEKSEI GOLIGUZOV\DOCUMENTS\GITHUB\ELECTRONSONSPHERE\VS12\DEBUG\INCLUDES.OBJ
C:\USERS\ALEKSEI GOLIGUZOV\DOCUMENTS\GITHUB\ELECTRONSONSPHERE\VS12\DEBUG\MAIN.OBJ
C:\USERS\ALEKSEI GOLIGUZOV\DOCUMENTS\GITHUB\ELECTRONSONSPHERE\VS12\DEBUG\NVECTOR.OBJ
C:\USERS\ALEKSEI GOLIGUZOV\DOCUMENTS\GITHUB\ELECTRONSONSPHERE\VS12\DEBUG\PHYSICS.OBJ
C:\USERS\ALEKSEI GOLIGUZOV\DOCUMENTS\GITHUB\ELECTRONSONSPHERE\VS12\DEBUG\VC110.PDB
C:\USERS\ALEKSEI GOLIGUZOV\DOCUMENTS\GITHUB\ELECTRONSONSPHERE\VS12\DEBUG\DIALOGS.OBJ
C:\USERS\ALEKSEI GOLIGUZOV\DOCUMENTS\GITHUB\ELECTRONSONSPHERE\VS12\DEBUG\ENERGY.OBJ
C:\USERS\ALEKSEI GOLIGUZOV\DOCUMENTS\GITHUB\ELECTRONSONSPHERE\VS12\DEBUG\PHYSICSDYNAMIC.OBJ
C:\USERS\ALEKSEI GOLIGUZOV\DOCUMENTS\GITHUB\ELECTRONSONSPHERE\VS12\DEBUG\PHYSICSSTATIC.OBJ
C:\USERS\ALEKSEI GOLIGUZOV\DOCUMENTS\GITHUB\ELECTRONSONSPHERE\VS12\DEBUG\ELECTRONSONSPHERE.ILK
C:\USERS\ALEKSEI GOLIGUZOV\DOCUMENTS\GITHUB\ELECTRONSONSPHERE\VS12\DEBUG\ELECTRONSONSPHERE.EXE
C:\USERS\ALEKSEI GOLIGUZOV\DOCUMENTS\GITHUB\ELECTRONSONSPHERE\VS12\DEBUG\ELECTRONSONSPHERE.PDB
C:\USERS\ALEKSEI GOLIGUZOV\DOCUMENTS\GITHUB\ELECTRONSONSPHERE\VS12\DEBUG\ELECTRONSONSPHERE.RES
C:\Users\Aleksei goliguzov\Documents\Github\ElectronsOnSphere\VS12\Debug\App.obj
C:\Users\Aleksei goliguzov\Documents\Github\ElectronsOnSphere\VS12\Debug\Color.obj
C:\Users\Aleksei goliguzov\Documents\Github\ElectronsOnSphere\VS12\Debug\Config.obj
C:\Users\Aleksei goliguzov\Documents\Github\ElectronsOnSphere\VS12\Debug\Dialogs.obj
C:\Users\Aleksei goliguzov\Documents\Github\ElectronsOnSphere\VS12\Debug\Energy.obj
C:\Users\Aleksei goliguzov\Documents\Github\ElectronsOnSphere\VS12\Debug\Graphics.obj
C:\Users\Aleksei goliguzov\Documents\Github\ElectronsOnSphere\VS12\Debug\Includes.obj
C:\Users\Aleksei goliguzov\Documents\Github\ElectronsOnSphere\VS12\Debug\main.obj
C:\Users\Aleksei goliguzov\Documents\Github\ElectronsOnSphere\VS12\Debug\NVector.obj
C:\Users\Aleksei goliguzov\Documents\Github\ElectronsOnSphere\VS12\Debug\Physics.obj
C:\Users\Aleksei goliguzov\Documents\Github\ElectronsOnSphere\VS12\Debug\PhysicsDynamic.obj
C:\Users\Aleksei goliguzov\Documents\Github\ElectronsOnSphere\VS12\Debug\PhysicsStatic.obj
C:\Users\Aleksei goliguzov\Documents\Github\ElectronsOnSphere\VS12\Debug\ElectronsOnSphere.ilk
C:\Users\Aleksei goliguzov\Documents\Github\ElectronsOnSphere\VS12\Debug\cl.command.1.tlog
C:\Users\Aleksei goliguzov\Documents\Github\ElectronsOnSphere\VS12\Debug\CL.read.1.tlog
C:\Users\Aleksei goliguzov\Documents\Github\ElectronsOnSphere\VS12\Debug\CL.write.1.tlog
C:\Users\Aleksei goliguzov\Documents\Github\ElectronsOnSphere\VS12\Debug\link-cvtres.read.1.tlog
C:\Users\Aleksei goliguzov\Documents\Github\ElectronsOnSphere\VS12\Debug\link-cvtres.write.1.tlog
C:\Users\Aleksei goliguzov\Documents\Github\ElectronsOnSphere\VS12\Debug\link-rc.read.1.tlog
C:\Users\Aleksei goliguzov\Documents\Github\ElectronsOnSphere\VS12\Debug\link-rc.write.1.tlog
C:\Users\Aleksei goliguzov\Documents\Github\ElectronsOnSphere\VS12\Debug\link.command.1.tlog
C:\Users\Aleksei goliguzov\Documents\Github\ElectronsOnSphere\VS12\Debug\link.read.1.tlog
C:\Users\Aleksei goliguzov\Documents\Github\ElectronsOnSphere\VS12\Debug\link.write.1.tlog
C:\Users\Aleksei goliguzov\Documents\Github\ElectronsOnSphere\VS12\Debug\rc.command.1.tlog
C:\Users\Aleksei goliguzov\Documents\Github\ElectronsOnSphere\VS12\Debug\rc.read.1.tlog
C:\Users\Aleksei goliguzov\Documents\Github\ElectronsOnSphere\VS12\Debug\rc.write.1.tlog
C:\Users\Aleksei goliguzov\Documents\Github\ElectronsOnSphere\VS12\Debug\ElectronsOnSphere.res
C:\Users\Aleksei goliguzov\Documents\Github\ElectronsOnSphere\VS12\Debug\vc110.idb
C:\Users\Aleksei goliguzov\Documents\Github\ElectronsOnSphere\VS12\Debug\ElectronsOnSphere.pdb
C:\Users\Aleksei goliguzov\Documents\Github\ElectronsOnSphere\VS12\Debug\vc110.pdb
C:\Users\Aleksei goliguzov\Documents\Github\ElectronsOnSphere\VS12\Debug\ElectronsOnSphere.exe
